<?xml version="1.0" encoding="UTF-8"?>
<testsuite name="com.example.jobmanagement.dto.JobDTOTest" tests="1" skipped="0" failures="0" errors="0" timestamp="2024-10-28T18:31:23" hostname="LAPTOP-CB8IC69T" time="0.016">
  <properties/>
  <testcase name="testGetters()" classname="com.example.jobmanagement.dto.JobDTOTest" time="0.016"/>
  <system-out><![CDATA[]]></system-out>
  <system-err><![CDATA[]]></system-err>
</testsuite>
